#####################
 2023-07-07 09:56:34
{"id":"e24yQm4yOVFWSDE7IDIwMjMtMDctMDdUMTY6NTI6MzYrMDA6MDA7IHNmQldEQm1Q","doi_c":true}

#####################
 2023-07-08 06:59:35
{"doi_c":"true","id":"test-user-1qwpsh"}

#####################
 2023-07-08 07:00:18
{"doi_c":"true","id":"test-user-1qwpsh"}

#####################
 2023-07-08 07:01:13
{"doi_c":"true"}

#####################
 2023-07-08 07:02:00
{"doi_c":"true","id":"test-user-1qwpsh"}

#####################
 2023-07-08 07:03:08
{"doi_c":"true","id":"test-user-1qwpsh"}

#####################
 2023-07-08 07:03:19
{"doi_c":"true","id":"test-user-1qwpsh"}

#####################
 2023-07-08 07:04:04
{"id":"e24yQm4yOVFWSDE7IDIwMjMtMDctMDdUMTY6NTI6MzYrMDA6MDA7IHNmQldEQm1Q","doi_c":true}

#####################
 2023-07-08 07:04:37
{"id":"e24yQm4yOVFWSDE7IDIwMjMtMDctMDdUMTY6NTI6MzYrMDA6MDA7IHNmQldEQm1Q","doi_c":false}

#####################
 2023-07-08 07:04:50
{"id":"e24yQm4yOVFWSDE7IDIwMjMtMDctMDdUMTY6NTI6MzYrMDA6MDA7IHNmQldEQm1Q","doi_c":true}

#####################
 2023-07-08 07:14:25
{"doi_c":"true"}

#####################
 2023-07-08 07:22:34
{"doi_c":"true"}

#####################
 2023-07-08 07:22:47
{"id":"test-user-qtg4q","doi_c":"true"}

#####################
 2023-07-08 07:36:19
{"id":"test@example.org","doi_c":"true"}

#####################
 2023-07-08 07:37:15
{"id":"dsm202307081007@proton.me","doi_c":true}

#####################
 2023-07-08 08:16:29
{"doi_c":"true"}

#####################
 2023-07-08 08:58:07
{"doi_c":"true"}

#####################
 2023-07-08 09:07:03
{"doi_c":"true"}

#####################
 2023-07-08 09:13:36
{"doi_c":"true"}

#####################
 2023-07-08 09:14:40
{"doi_c":"true"}

#####################
 2023-07-08 09:25:06
{"doi_c":"true"}

#####################
 2023-07-08 09:39:06
{"doi_c":"true"}

#####################
 2023-07-08 09:50:23
{"id":"563e22a7043365aa38ebcfd3f03c7b70169589766cfd3b934c1e470f0ab6d9cc","doi_c":"true"}

#####################
 2023-07-08 10:09:23
{"doi_c":"true"}

#####################
 2023-07-08 10:19:31
{"doi_c":"true"}

#####################
 2023-07-08 10:22:36
{"doi_c":"true"}

#####################
 2023-07-08 11:07:56
{"doi_c":"true"}

#####################
 2023-07-08 11:13:25
{"id":"dsm202307081007@proton.me","doi_c":true}

#####################
 2023-07-08 11:31:06
{"doi_c":"true"}

#####################
 2023-07-08 12:15:40
{"doi_c":"true"}

#####################
 2023-07-08 12:42:33
{"doi_c":"true"}

#####################
 2023-07-08 01:36:24
{"id":"dsm202307081007@proton.me","doi_c":true}

#####################
 2023-07-08 01:36:53
{"id":"dsm202307081007@proton.me","doi_c":false}

#####################
 2023-07-08 01:37:43
{"id":"dsm20230708@proton.me","doi_c":false}

#####################
 2023-07-08 01:42:45
{"doi_c":"true"}

#####################
 2023-07-08 01:44:52
{"":"","doi_c":"true","id":"dsm20230708001@proton.me"}

#####################
 2023-07-08 01:49:10
{"doi_c":"true"}

#####################
 2023-07-08 01:58:15
{"doi_c":"true","id":"gaby.w.sanchez@gmail.com"}

#####################
 2023-07-08 01:58:16
{"doi_c":"true","id":"gaby.w.sanchez@gmail.com"}

#####################
 2023-07-08 01:58:26
{"doi_c":"true","id":"gaby.w.sanchez@gmail.com"}

#####################
 2023-07-08 01:58:35
{"doi_c":"true","id":"gaby.w.sanchez@gmail.com"}

#####################
 2023-07-08 02:29:36
{"doi_c":"true"}

#####################
 2023-07-08 03:21:06
{"doi_c":"true"}

#####################
 2023-07-08 03:22:23
{"doi_c":"true"}

#####################
 2023-07-08 03:55:32
{"doi_c":"true"}

#####################
 2023-07-08 03:56:15
{"doi_c":"true","id":"gaby.w.sanchez@gmail.com"}

#####################
 2023-07-08 03:56:27
{"doi_c":"true","id":"gaby.w.sanchez@gmail.com"}

#####################
 2023-07-08 04:22:10
{"doi_c":"true"}

#####################
 2023-07-08 04:46:12
{"doi_c":"true"}

#####################
 2023-07-08 05:30:29
{"doi_c":"true"}

#####################
 2023-07-08 05:33:33
{"doi_c":"true"}

#####################
 2023-07-09 07:49:13
{"id":"%user_field_15%"}

#####################
 2023-07-09 07:49:27
{"doi_c":"true","id":"gabysan@abv.bg"}

#####################
 2023-07-09 08:41:16
{"id":"%user_field_15%"}

#####################
 2023-07-09 08:41:23
{"id":"%user_field_15%"}

#####################
 2023-07-09 08:41:29
{"doi_c":"true","id":"maelandgaby@gmail.com"}

#####################
 2023-07-09 08:41:35
{"doi_c":"true","id":"maelandgaby@gmail.com"}

#####################
 2023-07-09 08:52:44
{"id":"%user_field_15%"}

#####################
 2023-07-09 08:52:54
{"doi_c":"true","id":"maelandgaby@gmail.com"}

#####################
 2023-07-09 08:55:22
{"id":"%user_field_15%"}

#####################
 2023-07-09 08:55:38
{"doi_c":"true","id":"maelandgaby@gmail.com"}

#####################
 2023-07-09 08:56:01
{"id":"%user_field_15%"}

#####################
 2023-07-09 08:56:11
{"doi_c":"true","id":"oz.p@darkside.media"}

#####################
 2023-07-09 08:56:12
{"id":"%user_field_15%"}

#####################
 2023-07-09 08:56:27
{"doi_c":"true","id":"oz.p@darkside.media"}

#####################
 2023-07-09 09:34:13
{"id":"%user_field_15%"}

#####################
 2023-07-09 09:34:21
{"id":"%user_field_15%"}

#####################
 2023-07-09 09:34:26
{"doi_c":"true","id":"maelbg87@gmail.com"}

#####################
 2023-07-09 09:34:34
{"doi_c":"true","id":"maelbg87@gmail.com"}

#####################
 2023-07-09 09:38:54
{"id":"%user_field_15%"}

#####################
 2023-07-09 09:45:04
{"id":"%user_field_15%"}

#####################
 2023-07-09 09:45:13
{"doi_c":"true","id":"mael.bulgaria@gmail.com"}

#####################
 2023-07-09 09:45:23
{"doi_c":"true","id":"mael.bulgaria@gmail.com"}

#####################
 2023-07-09 09:45:58
{"id":"%user_field_15%"}

#####################
 2023-07-09 09:46:17
{"doi_c":"true","id":"mael.bulgaria@gmail.com"}

#####################
 2023-07-10 07:29:25
{"id":"%user_field_15%"}

#####################
 2023-07-10 07:29:37
{"doi_c":"true","id":"albsan@abv.bg"}

#####################
 2023-07-10 09:18:55
{"id":"%user_field_15%"}

#####################
 2023-07-10 09:18:59
{"id":"%user_field_15%"}

#####################
 2023-07-10 09:19:01
{"id":"%user_field_15%"}

#####################
 2023-07-10 09:20:30
{"id":"%user_field_15%"}

#####################
 2023-07-10 09:20:47
{"id":"%user_field_15%"}

#####################
 2023-07-10 09:20:55
{"doi_c":"true","id":"maelandgaby@gmail.com"}

#####################
 2023-07-10 09:25:33
{"id":"%user_field_15%"}

#####################
 2023-07-10 09:25:35
{"id":"%user_field_15%"}

#####################
 2023-07-10 09:42:59
{"id":"%user_field_15%"}

#####################
 2023-07-10 09:43:48
{"id":"%user_field_15%"}

#####################
 2023-07-10 09:44:43
{"id":"%user_field_15%"}

#####################
 2023-07-10 09:45:05
{"id":"%user_field_15%"}

#####################
 2023-07-10 09:49:41
{"id":"%user_field_15%"}

#####################
 2023-07-10 10:05:52
{"id":"%user_field_15%"}

#####################
 2023-07-10 10:06:02
{"id":"%user_field_15%"}

#####################
 2023-07-10 10:19:40
{"id":"%user_field_15%"}

#####################
 2023-07-10 10:19:56
{"doi_c":"true","id":"testsportsbetting@yopmail.com"}

#####################
 2023-07-10 10:28:39
{"id":"e24yQm4yOVFWSDE7IDIwMjMtMDctMDdUMTU6NDI6MjcrMDA6MDA7IE51M3lUVmVk","doi_c":true}

#####################
 2023-07-10 10:49:41
{"id":"%user_field_15%"}

#####################
 2023-07-10 10:49:41
{"id":"%user_field_15%"}

#####################
 2023-07-10 10:54:37
{"id":"%user_field_15%"}

#####################
 2023-07-10 11:16:42
{"id":"%user_field_15%"}

#####################
 2023-07-10 11:18:55
{"id":"%user_field_15%"}

#####################
 2023-07-10 11:20:17
{"id":"%user_field_15%"}

#####################
 2023-07-10 11:26:51
{"id":"%user_field_15%"}

#####################
 2023-07-10 11:29:15
{"id":"%user_field_15%"}

#####################
 2023-07-10 12:35:43
{"id":"%user_field_15%"}

#####################
 2023-07-10 12:36:03
{"doi_c":"true","id":"npablo+1@twilio.com"}

#####################
 2023-07-10 12:36:36
{"id":"e24yQm4yOVFWSDE7IDIwMjMtMDctMDdUMTU6NDI6MjcrMDA6MDA7IE51M3lUVmVk","doi_c":true}

#####################
 2023-07-10 12:37:11
{"id":"e24yQm4yOVFWSDE7IDIwMjMtMDctMDdUMTU6NDI6MjcrMDA6MDA7IE51M3lUVmVk","doi_c":true}

#####################
 2023-07-10 12:41:36
{"id":"e24yQm4yOVFWSDE7IDIwMjMtMDctMTBUMDk6MzM6MTArMDA6MDA7IGF5ektIcHBa","doi_c":true}

#####################
 2023-07-10 01:16:28
{"id":"%user_field_15%"}

#####################
 2023-07-10 01:16:44
{"id":"%user_field_15%"}

#####################
 2023-07-10 01:16:47
{"doi_c":"true","id":"npablo+1@twilio.com"}

#####################
 2023-07-10 01:22:09
{"id":"%user_field_15%"}

#####################
 2023-07-10 01:35:28
{"id":"%user_field_15%"}

#####################
 2023-07-10 01:35:39
{"doi_c":"true","id":"npablo@twilio.com"}

